<?xml version="1.0" encoding="UTF-8"?>
<!-- Generated by org.testng.reporters.JUnitReportReporter -->
<testsuite hostname="wishponds-MacBook-Pro.local" failures="0" tests="1" name="testcases.LoginTest1" time="5.641" errors="0" timestamp="2023-06-02T16:01:14 IST" skipped="0">
  <testcase classname="testcases.LoginTest1" name="loginToApplicationWithNonExistingUser" time="5.641"/>
  <system-out/>
</testsuite> <!-- testcases.LoginTest1 -->
