<?xml version="1.0" encoding="UTF-8"?>
<!-- Generated by org.testng.reporters.JUnitReportReporter -->
<testsuite hostname="wishponds-MacBook-Pro.local" failures="0" tests="3" name="Additionaltestcases.LT1" time="17.749" errors="0" timestamp="2023-06-03T22:02:01 IST" skipped="0">
  <testcase classname="Additionaltestcases.LT1" name="verifyTitle" time="0.015"/>
  <system-out/>
  <testcase classname="Additionaltestcases.LT1" name="verifySocialMediaPresense" time="0.027"/>
  <system-out/>
  <testcase classname="Additionaltestcases.LT1" name="loginToApplication" time="17.707"/>
  <system-out/>
</testsuite> <!-- Additionaltestcases.LT1 -->
